<?xml version="1.0" encoding="UTF-8"?>
<!-- Generated by org.testng.reporters.JUnitReportReporter -->
<testsuite hostname="MSI" failures="0" tests="1" name="reqres_static.TC_04_DeleteUser" time="1.951" errors="0" timestamp="2025-02-08T11:56:52 IST" skipped="0">
  <testcase classname="reqres_static.TC_04_DeleteUser" name="verifyListUserTest" time="1.951"/>
  <system-out/>
</testsuite> <!-- reqres_static.TC_04_DeleteUser -->
