<?xml version="1.0" encoding="UTF-8"?>
<!-- Generated by org.testng.reporters.JUnitReportReporter -->
<testsuite hostname="MSI" failures="0" tests="1" name="reqres_static.TC_02_CreateUser" time="2.247" errors="0" timestamp="2025-02-08T11:48:19 IST" skipped="0">
  <testcase classname="reqres_static.TC_02_CreateUser" name="verifyListUserTest" time="2.247"/>
  <system-out/>
</testsuite> <!-- reqres_static.TC_02_CreateUser -->
