<?xml version="1.0" encoding="UTF-8"?>
<!-- Generated by org.testng.reporters.JUnitReportReporter -->
<testsuite hostname="MSI" failures="0" tests="1" name="reqres_static.TC_01_ListUser" time="2.255" errors="0" timestamp="2025-02-08T11:20:36 IST" skipped="0">
  <testcase classname="reqres_static.TC_01_ListUser" name="verifyListUserTest" time="2.255"/>
  <system-out/>
</testsuite> <!-- reqres_static.TC_01_ListUser -->
