<?xml version="1.0" encoding="UTF-8"?>
<!-- Generated by org.testng.reporters.JUnitReportReporter -->
<testsuite hostname="MSI" failures="0" tests="1" name="reqres_static.TC_02_CreateUser2" time="2.525" errors="0" timestamp="2025-02-08T11:54:04 IST" skipped="0">
  <testcase classname="reqres_static.TC_02_CreateUser2" name="verifyListUserTest" time="2.525"/>
  <system-out/>
</testsuite> <!-- reqres_static.TC_02_CreateUser2 -->
