<?xml version="1.0" encoding="UTF-8"?>
<!-- Generated by org.testng.reporters.JUnitReportReporter -->
<testsuite hostname="MSI" failures="0" tests="1" name="reqres.TC01_GET_Listuser" time="1.424" errors="0" timestamp="2025-02-08T11:04:52 IST" skipped="0">
  <testcase classname="reqres.TC01_GET_Listuser" name="verifyListUserAPI" time="1.424"/>
  <system-out/>
</testsuite> <!-- reqres.TC01_GET_Listuser -->
