<?xml version="1.0" encoding="UTF-8"?>
<!-- Generated by org.testng.reporters.JUnitReportReporter -->
<testsuite hostname="MSI" failures="0" tests="1" name="gitHUB.TC_01_ListUser" time="2.844" errors="0" timestamp="2025-02-08T12:02:35 IST" skipped="0">
  <testcase classname="gitHUB.TC_01_ListUser" name="verifyListUserTest" time="2.844"/>
  <system-out/>
</testsuite> <!-- gitHUB.TC_01_ListUser -->
